{
  "Cucumber Features": {
    "coverage": {
      "/home/codio/workspace/sweng-project-GraceKeane/app/models/book.rb": {
        "lines": [
          1,
          null,
          1,
          0,
          null,
          null,
          1,
          null,
          14,
          null,
          null,
          null,
          1,
          2,
          2,
          1,
          null,
          null,
          1,
          null,
          0,
          null,
          0,
          null,
          null,
          0,
          null,
          null,
          null
        ]
      },
      "/home/codio/workspace/sweng-project-GraceKeane/app/controllers/books_controller.rb": {
        "lines": [
          1,
          1,
          null,
          null,
          1,
          14,
          14,
          null,
          null,
          2,
          null,
          null,
          2,
          null,
          14,
          14,
          null,
          14,
          72,
          null,
          null,
          14,
          4,
          4,
          4,
          null,
          10,
          null,
          null,
          null,
          null,
          null,
          1,
          null,
          null,
          null,
          1,
          1,
          null,
          null,
          null,
          1,
          null,
          null,
          null,
          1,
          1,
          null,
          1,
          1,
          null,
          0,
          null,
          null,
          null,
          null,
          1,
          1,
          1,
          null,
          0,
          null,
          null,
          null,
          null,
          1,
          2,
          2,
          1,
          null,
          2,
          null,
          null,
          null,
          1,
          0,
          0,
          0,
          0,
          null,
          null,
          1,
          null,
          1,
          6,
          null,
          null,
          null,
          1,
          2,
          null,
          null
        ]
      },
      "/home/codio/workspace/sweng-project-GraceKeane/app/controllers/application_controller.rb": {
        "lines": [
          1,
          null,
          null,
          1,
          null
        ]
      },
      "/home/codio/workspace/sweng-project-GraceKeane/app/helpers/application_helper.rb": {
        "lines": [
          1,
          null
        ]
      },
      "/home/codio/workspace/sweng-project-GraceKeane/app/helpers/books_helper.rb": {
        "lines": [
          1,
          null,
          1,
          80,
          80,
          32,
          null,
          null,
          1,
          20,
          2,
          null,
          null,
          null,
          null,
          null
        ]
      }
    },
    "timestamp": 1620388069
  },
  "RSpec": {
    "coverage": {
      "/home/codio/workspace/sweng-project-GraceKeane/app/helpers/application_helper.rb": {
        "lines": [
          1,
          null
        ]
      },
      "/home/codio/workspace/sweng-project-GraceKeane/app/helpers/books_helper.rb": {
        "lines": [
          1,
          null,
          1,
          8,
          8,
          0,
          null,
          null,
          1,
          2,
          0,
          null,
          null,
          null,
          null,
          null
        ]
      },
      "/home/codio/workspace/sweng-project-GraceKeane/app/controllers/books_controller.rb": {
        "lines": [
          1,
          1,
          null,
          null,
          1,
          4,
          4,
          null,
          null,
          1,
          null,
          null,
          1,
          null,
          4,
          4,
          null,
          4,
          18,
          null,
          null,
          4,
          2,
          2,
          2,
          null,
          2,
          null,
          null,
          null,
          null,
          null,
          1,
          null,
          null,
          null,
          1,
          1,
          null,
          null,
          null,
          1,
          null,
          null,
          null,
          1,
          0,
          null,
          0,
          0,
          null,
          0,
          null,
          null,
          null,
          null,
          1,
          0,
          0,
          null,
          0,
          null,
          null,
          null,
          null,
          1,
          2,
          2,
          2,
          null,
          2,
          null,
          null,
          null,
          1,
          2,
          2,
          2,
          2,
          null,
          null,
          1,
          null,
          1,
          4,
          null,
          null,
          null,
          1,
          0,
          null,
          null
        ]
      },
      "/home/codio/workspace/sweng-project-GraceKeane/app/controllers/application_controller.rb": {
        "lines": [
          1,
          null,
          null,
          1,
          null
        ]
      },
      "/home/codio/workspace/sweng-project-GraceKeane/app/models/book.rb": {
        "lines": [
          1,
          null,
          1,
          2,
          null,
          null,
          1,
          null,
          5,
          null,
          null,
          null,
          1,
          0,
          0,
          0,
          null,
          null,
          1,
          null,
          0,
          null,
          0,
          null,
          null,
          0,
          null,
          null,
          null
        ]
      }
    },
    "timestamp": 1620388059
  }
}
